<?xml version="1.0" encoding="UTF-8"?>
<!-- Generated by org.testng.reporters.JUnitReportReporter -->
<testsuite hostname="DESKTOP-RF8KGMD" failures="0" tests="2" name="Login_Test.SwagLabLoginTest" time="2.718" errors="0" timestamp="2023-05-03T10:28:37 IST" skipped="0">
  <testcase classname="Login_Test.SwagLabLoginTest" name="verifylogo" time="0.599"/>
  <system-out/>
  <testcase classname="Login_Test.SwagLabLoginTest" name="verifyAddToCartButtonConvertedToRemoveButton" time="2.119"/>
  <system-out/>
</testsuite> <!-- Login_Test.SwagLabLoginTest -->
